<?xml version="1.0" encoding="UTF-8"?>
<!-- Generated by org.testng.reporters.JUnitXMLReporter -->
<testsuite hostname="LAPTOP-20464U94" ignored="0" name="Login validation Test" tests="4" failures="0" timestamp="21 Mar 2019 21:40:14 GMT" time="20.845" errors="0">
  <testcase name="validateHomePageTitle" time="1.347" classname="testcases.sanity_testcase1"/>
  <testcase name="validateHomePageTitle" time="1.328" classname="testcases.sanity_testcase2"/>
  <testcase name="login" time="2.962" classname="testcases.sanity_testcase1"/>
  <testcase name="login" time="4.198" classname="testcases.sanity_testcase2"/>
</testsuite> <!-- Login validation Test -->
