<?xml version="1.0" encoding="UTF-8"?>
<testng-results skipped="0" failed="0" ignored="0" total="4" passed="4">
  <reporter-output>
  </reporter-output>
  <suite name="Sanity Test Suite" duration-ms="20845" started-at="2019-03-21T21:39:53Z" finished-at="2019-03-21T21:40:14Z">
    <groups>
    </groups>
    <test name="Login validation Test" duration-ms="20845" started-at="2019-03-21T21:39:53Z" finished-at="2019-03-21T21:40:14Z">
      <class name="testcases.sanity_testcase1">
        <test-method status="PASS" signature="setUp()[pri:0, instance:testcases.sanity_testcase1@6cd8737]" name="setUp" is-config="true" duration-ms="5515" started-at="2019-03-21T17:39:53Z" finished-at="2019-03-21T17:39:59Z">
          <reporter-output>
          </reporter-output>
        </test-method> <!-- setUp -->
        <test-method status="PASS" signature="setUp()[pri:0, instance:testcases.sanity_testcase2@22f71333]" name="setUp" is-config="true" duration-ms="2792" started-at="2019-03-21T17:39:59Z" finished-at="2019-03-21T17:40:01Z">
          <reporter-output>
          </reporter-output>
        </test-method> <!-- setUp -->
        <test-method status="PASS" signature="validateHomePageTitle()[pri:1, instance:testcases.sanity_testcase1@6cd8737]" name="validateHomePageTitle" duration-ms="1347" started-at="2019-03-21T17:40:01Z" finished-at="2019-03-21T17:40:03Z">
          <reporter-output>
          </reporter-output>
        </test-method> <!-- validateHomePageTitle -->
        <test-method status="PASS" signature="login()[pri:2, instance:testcases.sanity_testcase1@6cd8737]" name="login" duration-ms="2962" started-at="2019-03-21T17:40:04Z" finished-at="2019-03-21T17:40:07Z">
          <reporter-output>
          </reporter-output>
        </test-method> <!-- login -->
        <test-method status="PASS" signature="tearDown()[pri:0, instance:testcases.sanity_testcase1@6cd8737]" name="tearDown" is-config="true" duration-ms="1790" started-at="2019-03-21T17:40:11Z" finished-at="2019-03-21T17:40:13Z">
          <reporter-output>
          </reporter-output>
        </test-method> <!-- tearDown -->
        <test-method status="PASS" signature="tearDown()[pri:0, instance:testcases.sanity_testcase2@22f71333]" name="tearDown" is-config="true" duration-ms="855" started-at="2019-03-21T17:40:13Z" finished-at="2019-03-21T17:40:14Z">
          <reporter-output>
          </reporter-output>
        </test-method> <!-- tearDown -->
      </class> <!-- testcases.sanity_testcase1 -->
      <class name="testcases.sanity_testcase2">
        <test-method status="PASS" signature="validateHomePageTitle()[pri:1, instance:testcases.sanity_testcase2@22f71333]" name="validateHomePageTitle" duration-ms="1328" started-at="2019-03-21T17:40:03Z" finished-at="2019-03-21T17:40:04Z">
          <reporter-output>
          </reporter-output>
        </test-method> <!-- validateHomePageTitle -->
        <test-method status="PASS" signature="login()[pri:2, instance:testcases.sanity_testcase2@22f71333]" name="login" duration-ms="4198" started-at="2019-03-21T17:40:07Z" finished-at="2019-03-21T17:40:11Z">
          <reporter-output>
          </reporter-output>
        </test-method> <!-- login -->
      </class> <!-- testcases.sanity_testcase2 -->
    </test> <!-- Login validation Test -->
  </suite> <!-- Sanity Test Suite -->
</testng-results>
