<?xml version="1.0" encoding="UTF-8"?>
<testng-results skipped="0" failed="0" ignored="0" total="2" passed="2">
  <reporter-output>
  </reporter-output>
  <suite name="Default suite" duration-ms="10059" started-at="2019-02-20T22:54:17Z" finished-at="2019-02-20T22:54:27Z">
    <groups>
    </groups>
    <test name="Default test" duration-ms="10059" started-at="2019-02-20T22:54:17Z" finished-at="2019-02-20T22:54:27Z">
      <class name="testcases.reg_testcase1">
        <test-method status="PASS" signature="setUp()[pri:0, instance:testcases.reg_testcase1@457e2f02]" name="setUp" is-config="true" duration-ms="4870" started-at="2019-02-20T17:54:17Z" finished-at="2019-02-20T17:54:22Z">
          <reporter-output>
          </reporter-output>
        </test-method> <!-- setUp -->
        <test-method status="PASS" signature="validateHomePageTitle()[pri:1, instance:testcases.reg_testcase1@457e2f02]" name="validateHomePageTitle" duration-ms="1023" started-at="2019-02-20T17:54:22Z" finished-at="2019-02-20T17:54:23Z">
          <reporter-output>
          </reporter-output>
        </test-method> <!-- validateHomePageTitle -->
        <test-method status="PASS" signature="login()[pri:2, instance:testcases.reg_testcase1@457e2f02]" name="login" duration-ms="3313" started-at="2019-02-20T17:54:23Z" finished-at="2019-02-20T17:54:27Z">
          <reporter-output>
          </reporter-output>
        </test-method> <!-- login -->
        <test-method status="PASS" signature="tearDown()[pri:0, instance:testcases.reg_testcase1@457e2f02]" name="tearDown" is-config="true" duration-ms="810" started-at="2019-02-20T17:54:27Z" finished-at="2019-02-20T17:54:27Z">
          <reporter-output>
          </reporter-output>
        </test-method> <!-- tearDown -->
      </class> <!-- testcases.reg_testcase1 -->
    </test> <!-- Default test -->
  </suite> <!-- Default suite -->
</testng-results>
