<?xml version="1.0" encoding="UTF-8"?>
<!-- Generated by org.testng.reporters.JUnitXMLReporter -->
<testsuite hostname="LAPTOP-20464U94" ignored="0" name="Login Validation Test" tests="4" failures="0" timestamp="21 Mar 2019 21:19:59 GMT" time="26.188" errors="0">
  <testcase name="validateHomePageTitle" time="2.061" classname="testcases.reg_testcase1"/>
  <testcase name="validateHomePageTitle" time="1.914" classname="testcases.reg_testcase2"/>
  <testcase name="login" time="7.244" classname="testcases.reg_testcase1"/>
  <testcase name="login" time="2.665" classname="testcases.reg_testcase2"/>
</testsuite> <!-- Login Validation Test -->
